[ 2017-04-18T09:11:16+08:00 ] 127.0.0.1 /Main
INFO: [ app_init ] --START--
INFO: Run Behavior\BuildLiteBehavior [ RunTime:0.000027s ]
INFO: [ app_init ] --END-- [ RunTime:0.000897s ]
SQL: SHOW COLUMNS FROM `fx_meta` [ RunTime:0.5678s ]
SQL: SELECT `name`,`value` FROM `fx_meta`  [ RunTime:0.0005s ]
SQL: SHOW COLUMNS FROM `fx_config` [ RunTime:0.0237s ]
SQL: SELECT `name`,`value`,`typeid` FROM `fx_config`  [ RunTime:0.0009s ]
INFO: [ app_begin ] --START--
INFO: Run Behavior\ReadHtmlCacheBehavior [ RunTime:0.000763s ]
INFO: [ app_begin ] --END-- [ RunTime:0.000850s ]
SQL: SHOW COLUMNS FROM `fx_kind` [ RunTime:0.0235s ]
SQL: SELECT id, name, remark FROM `fx_kind`  [ RunTime:0.0009s ]
SQL: SHOW COLUMNS FROM `fx_forex` [ RunTime:0.0271s ]
SQL: SELECT `fBuyPri2`,`fBuyPri3`,`fBuyPri4`,`fBuyPri5`,`fBuyPri6`,`fBuyPri7`,`fBuyPri8`,`fBuyPri9`,`fBuyPri10`,`fBuyPri11`,`fBuyPri12`,`fBuyPri13`,`fBuyPri14`,`fBuyPri15`,`fBuyPri16`,`fBuyPri17`,`fBuyPri18`,`fBuyPri19`,`fBuyPri20`,`fBuyPri21` FROM `fx_forex` WHERE ( f_timestamp > 1492444800 ) ORDER BY id desc LIMIT 1   [ RunTime:0.0008s ]
SQL: SELECT `fBuyPri2`,`fBuyPri3`,`fBuyPri4`,`fBuyPri5`,`fBuyPri6`,`fBuyPri7`,`fBuyPri8`,`fBuyPri9`,`fBuyPri10`,`fBuyPri11`,`fBuyPri12`,`fBuyPri13`,`fBuyPri14`,`fBuyPri15`,`fBuyPri16`,`fBuyPri17`,`fBuyPri18`,`fBuyPri19`,`fBuyPri20`,`fBuyPri21` FROM `fx_forex` WHERE ( f_timestamp > 1492099200 ) ORDER BY id desc LIMIT 1   [ RunTime:0.0003s ]
SQL: SHOW COLUMNS FROM `fx_time_kind` [ RunTime:0.0190s ]
SQL: SELECT `id`,`name`,`title`,`minutes` FROM `fx_time_kind` WHERE `status` = 1  [ RunTime:0.0009s ]
INFO: [ view_parse ] --START--
INFO: [ template_filter ] --START--
INFO: Run Behavior\ContentReplaceBehavior [ RunTime:0.000173s ]
INFO: [ template_filter ] --END-- [ RunTime:0.000281s ]
INFO: Run Behavior\ParseTemplateBehavior [ RunTime:0.087303s ]
INFO: [ view_parse ] --END-- [ RunTime:0.087686s ]
INFO: [ view_filter ] --START--
INFO: Run Behavior\WriteHtmlCacheBehavior [ RunTime:0.001521s ]
INFO: [ view_filter ] --END-- [ RunTime:0.001738s ]
INFO: [ app_end ] --START--
INFO: Run Behavior\ShowPageTraceBehavior [ RunTime:0.002109s ]
INFO: [ app_end ] --END-- [ RunTime:0.002650s ]

[ 2017-04-18T09:11:18+08:00 ] 127.0.0.1 /Home/Main/ajaxGetRecord
INFO: [ app_init ] --START--
INFO: Run Behavior\BuildLiteBehavior [ RunTime:0.000030s ]
INFO: [ app_init ] --END-- [ RunTime:0.000627s ]
INFO: [ app_begin ] --START--
INFO: Run Behavior\ReadHtmlCacheBehavior [ RunTime:0.000681s ]
INFO: [ app_begin ] --END-- [ RunTime:0.000758s ]
SQL: SHOW COLUMNS FROM `fx_forex_record` [ RunTime:0.0238s ]
SQL: SELECT `f_open2`,`f_close2`,`f_lowest2`,`f_highest2` FROM `fx_forex_record` ORDER BY id desc LIMIT 30   [ RunTime:0.0009s ]
SQL: SHOW COLUMNS FROM `fx_temp_record` [ RunTime:0.0259s ]
SQL: SELECT `fbuypri2` FROM `fx_temp_record`  [ RunTime:0.0004s ]

[ 2017-04-18T09:11:18+08:00 ] 127.0.0.1 /Home/Main/ajaxRedGreen
INFO: [ app_init ] --START--
INFO: Run Behavior\BuildLiteBehavior [ RunTime:0.000019s ]
INFO: [ app_init ] --END-- [ RunTime:0.000555s ]
INFO: [ app_begin ] --START--
INFO: Run Behavior\ReadHtmlCacheBehavior [ RunTime:0.001842s ]
INFO: [ app_begin ] --END-- [ RunTime:0.002041s ]
SQL: SHOW COLUMNS FROM `fx_temp_record` [ RunTime:0.0389s ]
SQL: SELECT `fBuyPri2`,`fBuyPri3`,`fBuyPri4`,`fBuyPri5`,`fBuyPri6`,`fBuyPri7`,`fBuyPri8`,`fBuyPri9`,`fBuyPri10`,`fBuyPri11`,`fBuyPri12`,`fBuyPri13`,`fBuyPri14`,`fBuyPri15`,`fBuyPri16`,`fBuyPri17`,`fBuyPri18`,`fBuyPri19`,`fBuyPri20`,`fBuyPri21` FROM `fx_temp_record` ORDER BY id desc LIMIT 1   [ RunTime:0.0006s ]

[ 2017-04-18T09:12:51+08:00 ] 127.0.0.1 /Main
INFO: [ app_init ] --START--
INFO: Run Behavior\BuildLiteBehavior [ RunTime:0.000018s ]
INFO: [ app_init ] --END-- [ RunTime:0.000421s ]
INFO: [ app_begin ] --START--
INFO: Run Behavior\ReadHtmlCacheBehavior [ RunTime:0.000652s ]
INFO: [ app_begin ] --END-- [ RunTime:0.000759s ]
INFO: [ view_parse ] --START--
INFO: [ template_filter ] --START--
INFO: Run Behavior\ContentReplaceBehavior [ RunTime:0.000129s ]
INFO: [ template_filter ] --END-- [ RunTime:0.000222s ]
INFO: Run Behavior\ParseTemplateBehavior [ RunTime:0.072515s ]
INFO: [ view_parse ] --END-- [ RunTime:0.072677s ]
INFO: [ view_filter ] --START--
INFO: Run Behavior\WriteHtmlCacheBehavior [ RunTime:0.000799s ]
INFO: [ view_filter ] --END-- [ RunTime:0.000959s ]
INFO: [ app_end ] --START--
INFO: Run Behavior\ShowPageTraceBehavior [ RunTime:0.003346s ]
INFO: [ app_end ] --END-- [ RunTime:0.003602s ]

[ 2017-04-18T09:12:52+08:00 ] 127.0.0.1 /Home/Main/ajaxGetRecord
INFO: [ app_init ] --START--
INFO: Run Behavior\BuildLiteBehavior [ RunTime:0.000025s ]
INFO: [ app_init ] --END-- [ RunTime:0.000532s ]
INFO: [ app_begin ] --START--
INFO: Run Behavior\ReadHtmlCacheBehavior [ RunTime:0.000908s ]
INFO: [ app_begin ] --END-- [ RunTime:0.001216s ]
SQL: SHOW COLUMNS FROM `fx_forex_record` [ RunTime:0.0211s ]
SQL: SELECT `f_open2`,`f_close2`,`f_lowest2`,`f_highest2` FROM `fx_forex_record` ORDER BY id desc LIMIT 30   [ RunTime:0.0010s ]
SQL: SHOW COLUMNS FROM `fx_temp_record` [ RunTime:0.0206s ]
SQL: SELECT `fbuypri2` FROM `fx_temp_record`  [ RunTime:0.0021s ]

[ 2017-04-18T09:12:53+08:00 ] 127.0.0.1 /Home/Main/ajaxRedGreen
INFO: [ app_init ] --START--
INFO: Run Behavior\BuildLiteBehavior [ RunTime:0.000028s ]
INFO: [ app_init ] --END-- [ RunTime:0.000656s ]
INFO: [ app_begin ] --START--
INFO: Run Behavior\ReadHtmlCacheBehavior [ RunTime:0.000845s ]
INFO: [ app_begin ] --END-- [ RunTime:0.000966s ]
SQL: SHOW COLUMNS FROM `fx_temp_record` [ RunTime:0.0772s ]
SQL: SELECT `fBuyPri2`,`fBuyPri3`,`fBuyPri4`,`fBuyPri5`,`fBuyPri6`,`fBuyPri7`,`fBuyPri8`,`fBuyPri9`,`fBuyPri10`,`fBuyPri11`,`fBuyPri12`,`fBuyPri13`,`fBuyPri14`,`fBuyPri15`,`fBuyPri16`,`fBuyPri17`,`fBuyPri18`,`fBuyPri19`,`fBuyPri20`,`fBuyPri21` FROM `fx_temp_record` ORDER BY id desc LIMIT 1   [ RunTime:0.0006s ]

[ 2017-04-18T16:27:29+08:00 ] 127.0.0.1 /
INFO: [ app_init ] --START--
INFO: Run Behavior\BuildLiteBehavior [ RunTime:0.000021s ]
INFO: [ app_init ] --END-- [ RunTime:0.019573s ]
INFO: [ app_begin ] --START--
INFO: Run Behavior\ReadHtmlCacheBehavior [ RunTime:0.029699s ]
INFO: [ app_begin ] --END-- [ RunTime:0.029893s ]
INFO: [ view_parse ] --START--
INFO: [ template_filter ] --START--
INFO: Run Behavior\ContentReplaceBehavior [ RunTime:0.000281s ]
INFO: [ template_filter ] --END-- [ RunTime:0.004303s ]
INFO: Run Behavior\ParseTemplateBehavior [ RunTime:0.272357s ]
INFO: [ view_parse ] --END-- [ RunTime:0.272490s ]
INFO: [ view_filter ] --START--
INFO: Run Behavior\WriteHtmlCacheBehavior [ RunTime:0.026549s ]
INFO: [ view_filter ] --END-- [ RunTime:0.026737s ]
INFO: [ app_end ] --START--
INFO: Run Behavior\ShowPageTraceBehavior [ RunTime:0.038383s ]
INFO: [ app_end ] --END-- [ RunTime:0.038496s ]

[ 2017-04-18T16:27:33+08:00 ] 127.0.0.1 /Home/Regist.html
INFO: [ app_init ] --START--
INFO: Run Behavior\BuildLiteBehavior [ RunTime:0.000016s ]
INFO: [ app_init ] --END-- [ RunTime:0.000420s ]
INFO: [ app_begin ] --START--
INFO: Run Behavior\ReadHtmlCacheBehavior [ RunTime:0.000526s ]
INFO: [ app_begin ] --END-- [ RunTime:0.000603s ]
INFO: [ view_parse ] --START--
INFO: [ template_filter ] --START--
INFO: Run Behavior\ContentReplaceBehavior [ RunTime:0.000173s ]
INFO: [ template_filter ] --END-- [ RunTime:0.000296s ]
INFO: Run Behavior\ParseTemplateBehavior [ RunTime:0.108333s ]
INFO: [ view_parse ] --END-- [ RunTime:0.108472s ]
INFO: [ view_filter ] --START--
INFO: Run Behavior\WriteHtmlCacheBehavior [ RunTime:0.000985s ]
INFO: [ view_filter ] --END-- [ RunTime:0.001077s ]
INFO: [ app_end ] --START--
INFO: Run Behavior\ShowPageTraceBehavior [ RunTime:0.001070s ]
INFO: [ app_end ] --END-- [ RunTime:0.001188s ]

[ 2017-04-18T16:27:33+08:00 ] 127.0.0.1 /index.php?s=/Login/verify/id/a_login_1.html
INFO: [ app_init ] --START--
INFO: Run Behavior\BuildLiteBehavior [ RunTime:0.000021s ]
INFO: [ app_init ] --END-- [ RunTime:0.000727s ]
INFO: [ app_begin ] --START--
INFO: Run Behavior\ReadHtmlCacheBehavior [ RunTime:0.001149s ]
INFO: [ app_begin ] --END-- [ RunTime:0.001297s ]
INFO: [ app_end ] --START--
INFO: Run Behavior\ShowPageTraceBehavior [ RunTime:0.002758s ]
INFO: [ app_end ] --END-- [ RunTime:0.003066s ]

[ 2017-04-18T16:27:41+08:00 ] 127.0.0.1 /Home/Regist/check_person
INFO: [ app_init ] --START--
INFO: Run Behavior\BuildLiteBehavior [ RunTime:0.000022s ]
INFO: [ app_init ] --END-- [ RunTime:0.000629s ]
INFO: [ app_begin ] --START--
INFO: Run Behavior\ReadHtmlCacheBehavior [ RunTime:0.001111s ]
INFO: [ app_begin ] --END-- [ RunTime:0.001258s ]
SQL: SHOW COLUMNS FROM `fx_user` [ RunTime:0.0543s ]
NOTIC: [8] Undefined variable: name E:\PHP_Develop\forex\App\Home\Controller\RegistController.class.php 第 161 行.
SQL: SELECT * FROM `fx_user` WHERE `userid` = null LIMIT 1   [ RunTime:0.0100s ]

[ 2017-04-18T16:27:43+08:00 ] 127.0.0.1 /Home/Regist/check_person
INFO: [ app_init ] --START--
INFO: Run Behavior\BuildLiteBehavior [ RunTime:0.000017s ]
INFO: [ app_init ] --END-- [ RunTime:0.000348s ]
INFO: [ app_begin ] --START--
INFO: Run Behavior\ReadHtmlCacheBehavior [ RunTime:0.000551s ]
INFO: [ app_begin ] --END-- [ RunTime:0.000633s ]
SQL: SHOW COLUMNS FROM `fx_user` [ RunTime:0.0515s ]
NOTIC: [8] Undefined variable: name E:\PHP_Develop\forex\App\Home\Controller\RegistController.class.php 第 161 行.
SQL: SELECT * FROM `fx_user` WHERE `userid` = null LIMIT 1   [ RunTime:0.0003s ]

[ 2017-04-18T16:27:44+08:00 ] 127.0.0.1 /Home/Regist/check_person
INFO: [ app_init ] --START--
INFO: Run Behavior\BuildLiteBehavior [ RunTime:0.000019s ]
INFO: [ app_init ] --END-- [ RunTime:0.000461s ]
INFO: [ app_begin ] --START--
INFO: Run Behavior\ReadHtmlCacheBehavior [ RunTime:0.000575s ]
INFO: [ app_begin ] --END-- [ RunTime:0.000674s ]
SQL: SHOW COLUMNS FROM `fx_user` [ RunTime:0.0637s ]
NOTIC: [8] Undefined variable: name E:\PHP_Develop\forex\App\Home\Controller\RegistController.class.php 第 161 行.
SQL: SELECT * FROM `fx_user` WHERE `userid` = null LIMIT 1   [ RunTime:0.0009s ]

[ 2017-04-18T16:27:46+08:00 ] 127.0.0.1 /Home/Regist/check_person
INFO: [ app_init ] --START--
INFO: Run Behavior\BuildLiteBehavior [ RunTime:0.000040s ]
INFO: [ app_init ] --END-- [ RunTime:0.000810s ]
INFO: [ app_begin ] --START--
INFO: Run Behavior\ReadHtmlCacheBehavior [ RunTime:0.001343s ]
INFO: [ app_begin ] --END-- [ RunTime:0.001504s ]
SQL: SHOW COLUMNS FROM `fx_user` [ RunTime:0.1026s ]
NOTIC: [8] Undefined variable: name E:\PHP_Develop\forex\App\Home\Controller\RegistController.class.php 第 161 行.
SQL: SELECT * FROM `fx_user` WHERE `userid` = null LIMIT 1   [ RunTime:0.0010s ]

[ 2017-04-18T16:27:50+08:00 ] 127.0.0.1 /Home/Regist/check_person
INFO: [ app_init ] --START--
INFO: Run Behavior\BuildLiteBehavior [ RunTime:0.000039s ]
INFO: [ app_init ] --END-- [ RunTime:0.000635s ]
INFO: [ app_begin ] --START--
INFO: Run Behavior\ReadHtmlCacheBehavior [ RunTime:0.001061s ]
INFO: [ app_begin ] --END-- [ RunTime:0.001208s ]
SQL: SHOW COLUMNS FROM `fx_user` [ RunTime:0.0584s ]
NOTIC: [8] Undefined variable: name E:\PHP_Develop\forex\App\Home\Controller\RegistController.class.php 第 161 行.
SQL: SELECT * FROM `fx_user` WHERE `userid` = null LIMIT 1   [ RunTime:0.0006s ]

[ 2017-04-18T16:28:01+08:00 ] 127.0.0.1 /Home/Regist/check_person
INFO: [ app_init ] --START--
INFO: Run Behavior\BuildLiteBehavior [ RunTime:0.000025s ]
INFO: [ app_init ] --END-- [ RunTime:0.000550s ]
INFO: [ app_begin ] --START--
INFO: Run Behavior\ReadHtmlCacheBehavior [ RunTime:0.000541s ]
INFO: [ app_begin ] --END-- [ RunTime:0.000663s ]
SQL: SHOW COLUMNS FROM `fx_user` [ RunTime:0.0819s ]
NOTIC: [8] Undefined variable: name E:\PHP_Develop\forex\App\Home\Controller\RegistController.class.php 第 161 行.
SQL: SELECT * FROM `fx_user` WHERE `userid` = null LIMIT 1   [ RunTime:0.0006s ]

[ 2017-04-18T16:36:34+08:00 ] 127.0.0.1 /Home/Regist/check_person
INFO: [ app_init ] --START--
INFO: Run Behavior\BuildLiteBehavior [ RunTime:0.000025s ]
INFO: [ app_init ] --END-- [ RunTime:0.000694s ]
INFO: [ app_begin ] --START--
INFO: Run Behavior\ReadHtmlCacheBehavior [ RunTime:0.001324s ]
INFO: [ app_begin ] --END-- [ RunTime:0.001468s ]
SQL: SHOW COLUMNS FROM `fx_user` [ RunTime:0.0826s ]
NOTIC: [8] Undefined variable: name E:\PHP_Develop\forex\App\Home\Controller\RegistController.class.php 第 161 行.
SQL: SELECT * FROM `fx_user` WHERE `userid` = null LIMIT 1   [ RunTime:0.0007s ]

